Using pre-set license
Built from '2020.3/staging' branch; Version is '2020.3.18f1 (a7d1c678663c) revision 10998214'; Using compiler version '192528614'; Build Type 'Release'
OS: 'Windows 10 Pro; OS build 19043.1288; Version 2009; 64bit' Language: 'tr' Physical Memory: 16319 MB
BatchMode: 1, IsHumanControllingUs: 0, StartBugReporterOnCrash: 0, Is64bit: 1, IsPro: 0

COMMAND LINE ARGUMENTS:
C:\Program Files\Unity\Hub\Editor\2020.3.18f1\Editor\Unity.exe
-adb2
-batchMode
-noUpm
-name
AssetImportWorker0
-projectPath
C:/Users/Kharalos/Desktop/Unity/Fish-Game-Project
-logFile
Logs/AssetImportWorker0.log
-srvPort
61348
Successfully changed project path to: C:/Users/Kharalos/Desktop/Unity/Fish-Game-Project
C:/Users/Kharalos/Desktop/Unity/Fish-Game-Project
Using Asset Import Pipeline V2.
Refreshing native plugins compatible for Editor in 65.68 ms, found 2 plugins.
Preloading 0 native plugins for Editor in 0.00 ms.
Initialize engine version: 2020.3.18f1 (a7d1c678663c)
[Subsystems] Discovering subsystems at path C:/Program Files/Unity/Hub/Editor/2020.3.18f1/Editor/Data/Resources/UnitySubsystems
[Subsystems] Discovering subsystems at path C:/Users/Kharalos/Desktop/Unity/Fish-Game-Project/Assets
GfxDevice: creating device client; threaded=0
Direct3D:
    Version:  Direct3D 11.0 [level 11.1]
    Renderer: NVIDIA GeForce GTX 1660 Ti (ID=0x2182)
    Vendor:   
    VRAM:     5991 MB
    Driver:   30.0.14.7212
Initialize mono
Mono path[0] = 'C:/Program Files/Unity/Hub/Editor/2020.3.18f1/Editor/Data/Managed'
Mono path[1] = 'C:/Program Files/Unity/Hub/Editor/2020.3.18f1/Editor/Data/MonoBleedingEdge/lib/mono/unityjit'
Mono config path = 'C:/Program Files/Unity/Hub/Editor/2020.3.18f1/Editor/Data/MonoBleedingEdge/etc'
Using monoOptions --debugger-agent=transport=dt_socket,embedding=1,server=y,suspend=n,address=127.0.0.1:56252
Begin MonoManager ReloadAssembly
Registering precompiled unity dll's ...
Register platform support module: C:/Program Files/Unity/Hub/Editor/2020.3.18f1/Editor/Data/PlaybackEngines/WebGLSupport/UnityEditor.WebGL.Extensions.dll
Register platform support module: C:/Program Files/Unity/Hub/Editor/2020.3.18f1/Editor/Data/PlaybackEngines/WindowsStandaloneSupport/UnityEditor.WindowsStandalone.Extensions.dll
Registered in 0.004819 seconds.
Native extension for WindowsStandalone target not found
Native extension for WebGL target not found
Refreshing native plugins compatible for Editor in 66.01 ms, found 2 plugins.
Preloading 0 native plugins for Editor in 0.00 ms.
Mono: successfully reloaded assembly
- Completed reload, in  3.369 seconds
Domain Reload Profiling:
	ReloadAssembly (3369ms)
		BeginReloadAssembly (65ms)
			ExecutionOrderSort (0ms)
			DisableScriptedObjects (0ms)
			BackupInstance (0ms)
			ReleaseScriptingObjects (0ms)
			CreateAndSetChildDomain (2ms)
		EndReloadAssembly (487ms)
			LoadAssemblies (60ms)
			RebuildTransferFunctionScriptingTraits (0ms)
			SetupTypeCache (167ms)
			ReleaseScriptCaches (0ms)
			RebuildScriptCaches (30ms)
			SetupLoadedEditorAssemblies (207ms)
				LogAssemblyErrors (0ms)
				InitializePlatformSupportModulesInManaged (6ms)
				SetLoadedEditorAssemblies (0ms)
				RefreshPlugins (66ms)
				BeforeProcessingInitializeOnLoad (18ms)
				ProcessInitializeOnLoadAttributes (86ms)
				ProcessInitializeOnLoadMethodAttributes (31ms)
				AfterProcessingInitializeOnLoad (0ms)
				EditorAssembliesLoaded (0ms)
			ExecutionOrderSort2 (0ms)
			AwakeInstancesAfterBackupRestoration (0ms)
Platform modules already initialized, skipping
Registering precompiled user dll's ...
Registered in 0.005116 seconds.
Begin MonoManager ReloadAssembly
Native extension for WindowsStandalone target not found
Native extension for WebGL target not found
Refreshing native plugins compatible for Editor in 66.27 ms, found 2 plugins.
Preloading 0 native plugins for Editor in 0.00 ms.
Mono: successfully reloaded assembly
- Completed reload, in  1.404 seconds
Domain Reload Profiling:
	ReloadAssembly (1405ms)
		BeginReloadAssembly (171ms)
			ExecutionOrderSort (0ms)
			DisableScriptedObjects (5ms)
			BackupInstance (0ms)
			ReleaseScriptingObjects (0ms)
			CreateAndSetChildDomain (20ms)
		EndReloadAssembly (1150ms)
			LoadAssemblies (108ms)
			RebuildTransferFunctionScriptingTraits (0ms)
			SetupTypeCache (341ms)
			ReleaseScriptCaches (1ms)
			RebuildScriptCaches (59ms)
			SetupLoadedEditorAssemblies (478ms)
				LogAssemblyErrors (0ms)
				InitializePlatformSupportModulesInManaged (6ms)
				SetLoadedEditorAssemblies (0ms)
				RefreshPlugins (66ms)
				BeforeProcessingInitializeOnLoad (103ms)
				ProcessInitializeOnLoadAttributes (285ms)
				ProcessInitializeOnLoadMethodAttributes (5ms)
				AfterProcessingInitializeOnLoad (11ms)
				EditorAssembliesLoaded (0ms)
			ExecutionOrderSort2 (0ms)
			AwakeInstancesAfterBackupRestoration (10ms)
Platform modules already initialized, skipping
========================================================================
Worker process is ready to serve import requests
Launched and connected shader compiler UnityShaderCompiler.exe after 0.07 seconds
Refreshing native plugins compatible for Editor in 0.64 ms, found 2 plugins.
Preloading 0 native plugins for Editor in 0.00 ms.
Unloading 2775 Unused Serialized files (Serialized files now loaded: 0)
System memory in use before: 128.3 MB.
System memory in use after: 128.5 MB.

Unloading 17 unused Assets to reduce memory usage. Loaded Objects now: 3214.
Total: 3.581900 ms (FindLiveObjects: 0.338500 ms CreateObjectMapping: 0.073000 ms MarkObjects: 3.095600 ms  DeleteObjects: 0.073500 ms)

AssetImportParameters requested are different than current active one (requested -> active):
  custom:framework-win-MediaFoundation: 216162199b28c13a410421893ffa2e32 -> 
  custom:video-decoder-ogg-theora: a1e56fd34408186e4bbccfd4996cb3dc -> 
  custom:container-muxer-webm: aa71ff27fc2769a1b78a27578f13a17b -> 
  custom:container-demuxer-webm: 4f35f7cbe854078d1ac9338744f61a02 -> 
  custom:container-demuxer-ogg: 62fdf1f143b41e24485cea50d1cbac27 -> 
  custom:video-encoder-webm-vp8: eb34c28f22e8b96e1ab97ce403110664 -> 
  custom:video-decoder-webm-vp8: 9c59270c3fd7afecdb556c50c9e8de78 -> 
  custom:audio-decoder-ogg-vorbis: bf7c407c2cedff20999df2af8eb42d56 -> 
  custom:audio-encoder-webm-vorbis: bf7c407c2cedff20999df2af8eb42d56 -> 
========================================================================
Received Import Request.
  path: Assets/Materials/Items/YellowBall_Mat.mat
  artifactKey: Guid(bcf98f2f493c5ce41af9d1c0ac7856ee) Importer(815301076,1909f56bfc062723c751e8b465ee728b)
Start importing Assets/Materials/Items/YellowBall_Mat.mat using Guid(bcf98f2f493c5ce41af9d1c0ac7856ee) Importer(815301076,1909f56bfc062723c751e8b465ee728b)  -> (artifact id: 'bcd7443e52934cbaf8e933118297d483') in 0.263682 seconds 
  Import took 0.268946 seconds .

========================================================================
Received Import Request.
  Time since last request: 53.274646 seconds.
  path: Assets/Materials/Items/YellowBall_Mat.mat
  artifactKey: Guid(bcf98f2f493c5ce41af9d1c0ac7856ee) Importer(815301076,1909f56bfc062723c751e8b465ee728b)
Start importing Assets/Materials/Items/YellowBall_Mat.mat using Guid(bcf98f2f493c5ce41af9d1c0ac7856ee) Importer(815301076,1909f56bfc062723c751e8b465ee728b)  -> (artifact id: 'c0bfcf0a7434d1753285e06cf7e7b072') in 0.022915 seconds 
  Import took 0.030787 seconds .

========================================================================
Received Import Request.
  Time since last request: 4.130114 seconds.
  path: Assets/Materials/Items/BlueBall_Mat.mat
  artifactKey: Guid(bcf98f2f493c5ce41af9d1c0ac7856ee) Importer(815301076,1909f56bfc062723c751e8b465ee728b)
Start importing Assets/Materials/Items/BlueBall_Mat.mat using Guid(bcf98f2f493c5ce41af9d1c0ac7856ee) Importer(815301076,1909f56bfc062723c751e8b465ee728b)  -> (artifact id: 'c30361f78d5134d6e15b341779fbc6bf') in 0.018647 seconds 
  Import took 0.023449 seconds .

========================================================================
Received Import Request.
  Time since last request: 25.442354 seconds.
  path: Assets/Materials/Items/BlueBall_Mat.mat
  artifactKey: Guid(bcf98f2f493c5ce41af9d1c0ac7856ee) Importer(815301076,1909f56bfc062723c751e8b465ee728b)
Start importing Assets/Materials/Items/BlueBall_Mat.mat using Guid(bcf98f2f493c5ce41af9d1c0ac7856ee) Importer(815301076,1909f56bfc062723c751e8b465ee728b)  -> (artifact id: '2a87b238f9e94681fc9169a562c7b3d9') in 0.016297 seconds 
  Import took 0.021685 seconds .

========================================================================
Received Import Request.
  Time since last request: 0.000229 seconds.
  path: Assets/Materials/Items/YellowBall_Mat 1.mat
  artifactKey: Guid(bde1a4916e9979d4a954b66298692422) Importer(815301076,1909f56bfc062723c751e8b465ee728b)
Start importing Assets/Materials/Items/YellowBall_Mat 1.mat using Guid(bde1a4916e9979d4a954b66298692422) Importer(815301076,1909f56bfc062723c751e8b465ee728b)  -> (artifact id: 'dd96537f8af9021681bd7afc927f1264') in 0.018417 seconds 
  Import took 0.023512 seconds .

========================================================================
Received Import Request.
  Time since last request: 0.000257 seconds.
  path: Assets/Materials/Items/BlueBall_Mat.mat
  artifactKey: Guid(bcf98f2f493c5ce41af9d1c0ac7856ee) Importer(815301076,1909f56bfc062723c751e8b465ee728b)
Start importing Assets/Materials/Items/BlueBall_Mat.mat using Guid(bcf98f2f493c5ce41af9d1c0ac7856ee) Importer(815301076,1909f56bfc062723c751e8b465ee728b)  -> (artifact id: '2a87b238f9e94681fc9169a562c7b3d9') in 0.014692 seconds 
  Import took 0.019222 seconds .

========================================================================
Received Import Request.
  Time since last request: 3.390318 seconds.
  path: Assets/Materials/Items/WhiteBall_Mat 2.mat
  artifactKey: Guid(83d2fa9f9213a384ab9dbb22750693a9) Importer(815301076,1909f56bfc062723c751e8b465ee728b)
Start importing Assets/Materials/Items/WhiteBall_Mat 2.mat using Guid(83d2fa9f9213a384ab9dbb22750693a9) Importer(815301076,1909f56bfc062723c751e8b465ee728b)  -> (artifact id: '3e8904da564472e26095731c456ebffa') in 0.018533 seconds 
  Import took 0.028175 seconds .

========================================================================
Received Import Request.
  Time since last request: 2.977752 seconds.
  path: Assets/Materials/Items/WhiteBall_Mat.mat
  artifactKey: Guid(83d2fa9f9213a384ab9dbb22750693a9) Importer(815301076,1909f56bfc062723c751e8b465ee728b)
Start importing Assets/Materials/Items/WhiteBall_Mat.mat using Guid(83d2fa9f9213a384ab9dbb22750693a9) Importer(815301076,1909f56bfc062723c751e8b465ee728b)  -> (artifact id: 'a8d5aaad1e81091e875be5add5b056d4') in 0.017918 seconds 
  Import took 0.022687 seconds .

========================================================================
Received Import Request.
  Time since last request: 0.011284 seconds.
  path: Assets/Materials/Items/WhiteBall_Mat.mat
  artifactKey: Guid(83d2fa9f9213a384ab9dbb22750693a9) Importer(815301076,1909f56bfc062723c751e8b465ee728b)
Start importing Assets/Materials/Items/WhiteBall_Mat.mat using Guid(83d2fa9f9213a384ab9dbb22750693a9) Importer(815301076,1909f56bfc062723c751e8b465ee728b)  -> (artifact id: 'a8d5aaad1e81091e875be5add5b056d4') in 0.016340 seconds 
  Import took 0.021024 seconds .

========================================================================
Received Import Request.
  Time since last request: 8.172159 seconds.
  path: Assets/Materials/Items/YellowBall_Mat.mat
  artifactKey: Guid(bde1a4916e9979d4a954b66298692422) Importer(815301076,1909f56bfc062723c751e8b465ee728b)
Start importing Assets/Materials/Items/YellowBall_Mat.mat using Guid(bde1a4916e9979d4a954b66298692422) Importer(815301076,1909f56bfc062723c751e8b465ee728b)  -> (artifact id: '9e8f817375471acfe9fac12d6d072e7d') in 0.014777 seconds 
  Import took 0.024705 seconds .

========================================================================
Received Import Request.
  Time since last request: 13.758349 seconds.
  path: Assets/Materials/Items/WhiteBall_Mat 2.mat
  artifactKey: Guid(83d2fa9f9213a384ab9dbb22750693a9) Importer(815301076,1909f56bfc062723c751e8b465ee728b)
Start importing Assets/Materials/Items/WhiteBall_Mat 2.mat using Guid(83d2fa9f9213a384ab9dbb22750693a9) Importer(815301076,1909f56bfc062723c751e8b465ee728b)  -> (artifact id: '82dcefed9c42c2898c5be8cb8b72def7') in 0.015610 seconds 
  Import took 0.021193 seconds .

========================================================================
Received Import Request.
  Time since last request: 5.647945 seconds.
  path: Assets/Materials/Items/WhiteBall_Mat.mat
  artifactKey: Guid(f214866d53cf7f84eabdca9a07e3fd15) Importer(815301076,1909f56bfc062723c751e8b465ee728b)
Start importing Assets/Materials/Items/WhiteBall_Mat.mat using Guid(f214866d53cf7f84eabdca9a07e3fd15) Importer(815301076,1909f56bfc062723c751e8b465ee728b)  -> (artifact id: '1457250db55c204f732814117430d4ca') in 0.013481 seconds 
  Import took 0.018500 seconds .

========================================================================
Received Import Request.
  Time since last request: 4.784853 seconds.
  path: Assets/Materials/Items/BlavkBall_Mat.mat
  artifactKey: Guid(f214866d53cf7f84eabdca9a07e3fd15) Importer(815301076,1909f56bfc062723c751e8b465ee728b)
Start importing Assets/Materials/Items/BlavkBall_Mat.mat using Guid(f214866d53cf7f84eabdca9a07e3fd15) Importer(815301076,1909f56bfc062723c751e8b465ee728b)  -> (artifact id: '9c76f422bd445ae7d24e5b88777593f6') in 0.017411 seconds 
  Import took 0.022098 seconds .

========================================================================
Received Import Request.
  Time since last request: 14.705614 seconds.
  path: Assets/Materials/Items/BlackBall_Mat.mat
  artifactKey: Guid(83d2fa9f9213a384ab9dbb22750693a9) Importer(815301076,1909f56bfc062723c751e8b465ee728b)
Start importing Assets/Materials/Items/BlackBall_Mat.mat using Guid(83d2fa9f9213a384ab9dbb22750693a9) Importer(815301076,1909f56bfc062723c751e8b465ee728b)  -> (artifact id: '9fe828503d4c9dc738278832acae739d') in 0.018578 seconds 
  Import took 0.023527 seconds .

========================================================================
Received Prepare
Registering precompiled user dll's ...
Registered in 0.005197 seconds.
Begin MonoManager ReloadAssembly
Native extension for WindowsStandalone target not found
Native extension for WebGL target not found
Refreshing native plugins compatible for Editor in 0.64 ms, found 2 plugins.
Preloading 0 native plugins for Editor in 0.00 ms.
Mono: successfully reloaded assembly
- Completed reload, in  1.306 seconds
Domain Reload Profiling:
	ReloadAssembly (1306ms)
		BeginReloadAssembly (196ms)
			ExecutionOrderSort (0ms)
			DisableScriptedObjects (7ms)
			BackupInstance (0ms)
			ReleaseScriptingObjects (0ms)
			CreateAndSetChildDomain (48ms)
		EndReloadAssembly (995ms)
			LoadAssemblies (140ms)
			RebuildTransferFunctionScriptingTraits (0ms)
			SetupTypeCache (345ms)
			ReleaseScriptCaches (1ms)
			RebuildScriptCaches (44ms)
			SetupLoadedEditorAssemblies (332ms)
				LogAssemblyErrors (0ms)
				InitializePlatformSupportModulesInManaged (7ms)
				SetLoadedEditorAssemblies (0ms)
				RefreshPlugins (1ms)
				BeforeProcessingInitializeOnLoad (97ms)
				ProcessInitializeOnLoadAttributes (212ms)
				ProcessInitializeOnLoadMethodAttributes (4ms)
				AfterProcessingInitializeOnLoad (10ms)
				EditorAssembliesLoaded (0ms)
			ExecutionOrderSort2 (0ms)
			AwakeInstancesAfterBackupRestoration (18ms)
Platform modules already initialized, skipping
Refreshing native plugins compatible for Editor in 0.65 ms, found 2 plugins.
Preloading 0 native plugins for Editor in 0.00 ms.
Unloading 2651 Unused Serialized files (Serialized files now loaded: 0)
System memory in use before: 125.1 MB.
System memory in use after: 125.3 MB.

Unloading 12 unused Assets to reduce memory usage. Loaded Objects now: 3294.
Total: 3.661600 ms (FindLiveObjects: 0.306100 ms CreateObjectMapping: 0.075100 ms MarkObjects: 3.251500 ms  DeleteObjects: 0.027700 ms)

AssetImportParameters requested are different than current active one (requested -> active):
  custom:framework-win-MediaFoundation: 216162199b28c13a410421893ffa2e32 -> 
  custom:video-decoder-ogg-theora: a1e56fd34408186e4bbccfd4996cb3dc -> 
  custom:container-muxer-webm: aa71ff27fc2769a1b78a27578f13a17b -> 
  custom:container-demuxer-webm: 4f35f7cbe854078d1ac9338744f61a02 -> 
  custom:container-demuxer-ogg: 62fdf1f143b41e24485cea50d1cbac27 -> 
  custom:video-encoder-webm-vp8: eb34c28f22e8b96e1ab97ce403110664 -> 
  custom:video-decoder-webm-vp8: 9c59270c3fd7afecdb556c50c9e8de78 -> 
  custom:audio-decoder-ogg-vorbis: bf7c407c2cedff20999df2af8eb42d56 -> 
  custom:audio-encoder-webm-vorbis: bf7c407c2cedff20999df2af8eb42d56 -> 
========================================================================
Received Import Request.
  Time since last request: 46.402690 seconds.
  path: Assets/Materials/Items/BlackBall_Mat.mat
  artifactKey: Guid(83d2fa9f9213a384ab9dbb22750693a9) Importer(815301076,1909f56bfc062723c751e8b465ee728b)
Start importing Assets/Materials/Items/BlackBall_Mat.mat using Guid(83d2fa9f9213a384ab9dbb22750693a9) Importer(815301076,1909f56bfc062723c751e8b465ee728b)  -> (artifact id: 'a9b11edaa8eed4b9093bd7c8a487a941') in 0.183861 seconds 
  Import took 0.188907 seconds .

========================================================================
Received Import Request.
  Time since last request: 54.927143 seconds.
  path: Assets/Textures/Crosshair Left@12x.png
  artifactKey: Guid(36f719bb552cebf4d9c17c9b50d9fb36) Importer(815301076,1909f56bfc062723c751e8b465ee728b)
Start importing Assets/Textures/Crosshair Left@12x.png using Guid(36f719bb552cebf4d9c17c9b50d9fb36) Importer(815301076,1909f56bfc062723c751e8b465ee728b)  -> (artifact id: '611f903f6e40d5bfe784b55133744bcd') in 0.066591 seconds 
  Import took 0.071483 seconds .

========================================================================
Received Import Request.
  Time since last request: 0.000251 seconds.
  path: Assets/Textures/Crosshair Right@12x.png
  artifactKey: Guid(4ec124f2597ef354891a5317e33e4a18) Importer(815301076,1909f56bfc062723c751e8b465ee728b)
Start importing Assets/Textures/Crosshair Right@12x.png using Guid(4ec124f2597ef354891a5317e33e4a18) Importer(815301076,1909f56bfc062723c751e8b465ee728b)  -> (artifact id: 'da8c044687dbfe9d5acfaba56578a1e8') in 0.034124 seconds 
  Import took 0.039306 seconds .

========================================================================
Received Import Request.
  Time since last request: 0.000246 seconds.
  path: Assets/Textures/texture_0.png
  artifactKey: Guid(f84d0c814f2563d42acfe7117003eb55) Importer(815301076,1909f56bfc062723c751e8b465ee728b)
Start importing Assets/Textures/texture_0.png using Guid(f84d0c814f2563d42acfe7117003eb55) Importer(815301076,1909f56bfc062723c751e8b465ee728b)  -> (artifact id: '88cecd58284bcb8a397bc2e8f17cda91') in 0.040410 seconds 
  Import took 0.045805 seconds .

========================================================================
Received Import Request.
  Time since last request: 0.000290 seconds.
  path: Assets/Textures/tennisball.jpg
  artifactKey: Guid(485b2cd3a069f644692eb276f0bd5efb) Importer(815301076,1909f56bfc062723c751e8b465ee728b)
Start importing Assets/Textures/tennisball.jpg using Guid(485b2cd3a069f644692eb276f0bd5efb) Importer(815301076,1909f56bfc062723c751e8b465ee728b)  -> (artifact id: '46c02c555715214be37a69c3dbe78014') in 0.028416 seconds 
  Import took 0.033133 seconds .

========================================================================
Received Import Request.
  Time since last request: 3.427319 seconds.
  path: Assets/Materials/TennisBall.physicMaterial
  artifactKey: Guid(1e27fc74ce9c7434bb04108ecba6ccb2) Importer(815301076,1909f56bfc062723c751e8b465ee728b)
Start importing Assets/Materials/TennisBall.physicMaterial using Guid(1e27fc74ce9c7434bb04108ecba6ccb2) Importer(815301076,1909f56bfc062723c751e8b465ee728b)  -> (artifact id: 'f9aa9633a95d1bb3fa3cf75ab028466c') in 0.012203 seconds 
  Import took 0.016779 seconds .

========================================================================
Received Import Request.
  Time since last request: 4.713791 seconds.
  path: Assets/Textures/Sink/1stFlr_Bathrooms_Sink_AO.tga.png
  artifactKey: Guid(d10586d19dc11df43b307d19ee7c4e0f) Importer(815301076,1909f56bfc062723c751e8b465ee728b)
Start importing Assets/Textures/Sink/1stFlr_Bathrooms_Sink_AO.tga.png using Guid(d10586d19dc11df43b307d19ee7c4e0f) Importer(815301076,1909f56bfc062723c751e8b465ee728b)  -> (artifact id: 'f057b230d9d164ee8ed0761266b94a4a') in 0.014583 seconds 
  Import took 0.020446 seconds .

========================================================================
Received Import Request.
  Time since last request: 0.000240 seconds.
  path: Assets/Textures/Sink/1stFlr_Bathrooms_Sink_Roughness.tga.png
  artifactKey: Guid(e3cdf0096999dc542964210b9a4a6e8f) Importer(815301076,1909f56bfc062723c751e8b465ee728b)
Start importing Assets/Textures/Sink/1stFlr_Bathrooms_Sink_Roughness.tga.png using Guid(e3cdf0096999dc542964210b9a4a6e8f) Importer(815301076,1909f56bfc062723c751e8b465ee728b)  -> (artifact id: '3e4b4561f983e0ef6ab172f30c6e9c60') in 0.022409 seconds 
  Import took 0.027023 seconds .

========================================================================
Received Import Request.
  Time since last request: 0.000245 seconds.
  path: Assets/TextMesh Pro/Examples & Extras/Textures/Brushed Metal 3.jpg
  artifactKey: Guid(f88677df267a41d6be1e7a6133e7d227) Importer(815301076,1909f56bfc062723c751e8b465ee728b)
Start importing Assets/TextMesh Pro/Examples & Extras/Textures/Brushed Metal 3.jpg using Guid(f88677df267a41d6be1e7a6133e7d227) Importer(815301076,1909f56bfc062723c751e8b465ee728b)  -> (artifact id: '013fe4dfb8a6780e820ae817a44bc401') in 0.022718 seconds 
  Import took 0.027577 seconds .

========================================================================
Received Import Request.
  Time since last request: 0.000252 seconds.
  path: Assets/Textures/Sink/1stFlr_Bathrooms_Sink_Metallic.tga.png
  artifactKey: Guid(62f2d8fdb15db2647843d765cce98356) Importer(815301076,1909f56bfc062723c751e8b465ee728b)
Start importing Assets/Textures/Sink/1stFlr_Bathrooms_Sink_Metallic.tga.png using Guid(62f2d8fdb15db2647843d765cce98356) Importer(815301076,1909f56bfc062723c751e8b465ee728b)  -> (artifact id: '36105e5eac2f144868d1cdd94e2e4b4e') in 0.021794 seconds 
  Import took 0.026475 seconds .

========================================================================
Received Import Request.
  Time since last request: 0.000241 seconds.
  path: Assets/Textures/Sink/1stFlr_Bathrooms_Sink_Norm.tga.png
  artifactKey: Guid(a2e8c85d61370f94bab9f9bd2c06a38e) Importer(815301076,1909f56bfc062723c751e8b465ee728b)
Start importing Assets/Textures/Sink/1stFlr_Bathrooms_Sink_Norm.tga.png using Guid(a2e8c85d61370f94bab9f9bd2c06a38e) Importer(815301076,1909f56bfc062723c751e8b465ee728b)  -> (artifact id: '3de3986be3043f967fa14b6f5fbaf8a5') in 0.021345 seconds 
  Import took 0.026248 seconds .

========================================================================
Received Import Request.
  Time since last request: 0.000271 seconds.
  path: Assets/Textures/Sink/1stFlr_Bathrooms_Sink_Diff.tga.png
  artifactKey: Guid(2f186ba7217c97c4bb22ccc221c3f8b9) Importer(815301076,1909f56bfc062723c751e8b465ee728b)
Start importing Assets/Textures/Sink/1stFlr_Bathrooms_Sink_Diff.tga.png using Guid(2f186ba7217c97c4bb22ccc221c3f8b9) Importer(815301076,1909f56bfc062723c751e8b465ee728b)  -> (artifact id: '801539a154d05323cda6139612d69978') in 0.020471 seconds 
  Import took 0.025194 seconds .

========================================================================
Received Import Request.
  Time since last request: 0.830422 seconds.
  path: Assets/TextMesh Pro/Examples & Extras/Sprites/Default Sprites.png
  artifactKey: Guid(a0fc465d6cf04254a2938578735e2383) Importer(815301076,1909f56bfc062723c751e8b465ee728b)
Start importing Assets/TextMesh Pro/Examples & Extras/Sprites/Default Sprites.png using Guid(a0fc465d6cf04254a2938578735e2383) Importer(815301076,1909f56bfc062723c751e8b465ee728b)  -> (artifact id: '63f7c8b79d3c528accc7a49c0992f6f6') in 0.025022 seconds 
  Import took 0.030490 seconds .

========================================================================
Received Import Request.
  Time since last request: 0.000274 seconds.
  path: Assets/Textures/Toilet/DefaultMaterial_Base_Color.png
  artifactKey: Guid(c19f69785f8a1f64587348044f8ae996) Importer(815301076,1909f56bfc062723c751e8b465ee728b)
Start importing Assets/Textures/Toilet/DefaultMaterial_Base_Color.png using Guid(c19f69785f8a1f64587348044f8ae996) Importer(815301076,1909f56bfc062723c751e8b465ee728b)  -> (artifact id: '6152f25d6da20d3966cd564770b76262') in 0.016067 seconds 
  Import took 0.021044 seconds .

========================================================================
Received Import Request.
  Time since last request: 0.000271 seconds.
  path: Assets/Textures/Toilet/DefaultMaterial_Metallic.png
  artifactKey: Guid(7c87d95c8c412c84dac7b113f5f3ced4) Importer(815301076,1909f56bfc062723c751e8b465ee728b)
Start importing Assets/Textures/Toilet/DefaultMaterial_Metallic.png using Guid(7c87d95c8c412c84dac7b113f5f3ced4) Importer(815301076,1909f56bfc062723c751e8b465ee728b)  -> (artifact id: '3ac7cd2f6d86b60a77ed4e7fa1dfdd5b') in 0.021622 seconds 
  Import took 0.027356 seconds .

========================================================================
Received Import Request.
  Time since last request: 0.000269 seconds.
  path: Assets/Textures/Toilet/DefaultMaterial_Roughness.png
  artifactKey: Guid(7c0e4bf09548d2c41b4757e6775de3c0) Importer(815301076,1909f56bfc062723c751e8b465ee728b)
Start importing Assets/Textures/Toilet/DefaultMaterial_Roughness.png using Guid(7c0e4bf09548d2c41b4757e6775de3c0) Importer(815301076,1909f56bfc062723c751e8b465ee728b)  -> (artifact id: '312bb079a0ce039d67b0dc9cb8676f72') in 0.016553 seconds 
  Import took 0.023300 seconds .

========================================================================
Received Import Request.
  Time since last request: 0.000253 seconds.
  path: Assets/Textures/Toilet/DefaultMaterial_Normal_DirectX.png
  artifactKey: Guid(e093926a0a026ba4dbec17a24a3d7bc6) Importer(815301076,1909f56bfc062723c751e8b465ee728b)
Start importing Assets/Textures/Toilet/DefaultMaterial_Normal_DirectX.png using Guid(e093926a0a026ba4dbec17a24a3d7bc6) Importer(815301076,1909f56bfc062723c751e8b465ee728b)  -> (artifact id: 'df5e8ad00bfca0fbb53fad2757aef9dc') in 0.025329 seconds 
  Import took 0.032981 seconds .

========================================================================
Received Import Request.
  Time since last request: 0.000684 seconds.
  path: Assets/Textures/Toilet/DefaultMaterial_Mixed_AO.png
  artifactKey: Guid(a306df266946e68449f94d3a929d088e) Importer(815301076,1909f56bfc062723c751e8b465ee728b)
Start importing Assets/Textures/Toilet/DefaultMaterial_Mixed_AO.png using Guid(a306df266946e68449f94d3a929d088e) Importer(815301076,1909f56bfc062723c751e8b465ee728b)  -> (artifact id: 'dc724beee244c324ea0b41bb9c7d9580') in 0.030573 seconds 
  Import took 0.037362 seconds .

========================================================================
Received Import Request.
  Time since last request: 0.000254 seconds.
  path: Assets/Textures/Drywall/DrywallPainted_Normal.tif
  artifactKey: Guid(2cd242c9999e92b4ca96dab876cfaf13) Importer(815301076,1909f56bfc062723c751e8b465ee728b)
Start importing Assets/Textures/Drywall/DrywallPainted_Normal.tif using Guid(2cd242c9999e92b4ca96dab876cfaf13) Importer(815301076,1909f56bfc062723c751e8b465ee728b)  -> (artifact id: '89b5cbf949c844f1e1ac444bac20f3df') in 0.043921 seconds 
  Import took 0.050163 seconds .

========================================================================
Received Import Request.
  Time since last request: 56.437020 seconds.
  path: Assets/Materials/Items/TennisBall_Mat.mat
  artifactKey: Guid(bde1a4916e9979d4a954b66298692422) Importer(815301076,1909f56bfc062723c751e8b465ee728b)
Start importing Assets/Materials/Items/TennisBall_Mat.mat using Guid(bde1a4916e9979d4a954b66298692422) Importer(815301076,1909f56bfc062723c751e8b465ee728b)  -> (artifact id: '37267b21f822af3545c50205cfd7bd39') in 0.027976 seconds 
  Import took 0.032595 seconds .

========================================================================
Received Prepare
Registering precompiled user dll's ...
Registered in 0.005671 seconds.
Begin MonoManager ReloadAssembly
Native extension for WindowsStandalone target not found
Native extension for WebGL target not found
Refreshing native plugins compatible for Editor in 0.63 ms, found 2 plugins.
Preloading 0 native plugins for Editor in 0.00 ms.
Mono: successfully reloaded assembly
- Completed reload, in  1.256 seconds
Domain Reload Profiling:
	ReloadAssembly (1257ms)
		BeginReloadAssembly (148ms)
			ExecutionOrderSort (0ms)
			DisableScriptedObjects (13ms)
			BackupInstance (0ms)
			ReleaseScriptingObjects (0ms)
			CreateAndSetChildDomain (43ms)
		EndReloadAssembly (1019ms)
			LoadAssemblies (113ms)
			RebuildTransferFunctionScriptingTraits (0ms)
			SetupTypeCache (342ms)
			ReleaseScriptCaches (1ms)
			RebuildScriptCaches (46ms)
			SetupLoadedEditorAssemblies (354ms)
				LogAssemblyErrors (0ms)
				InitializePlatformSupportModulesInManaged (6ms)
				SetLoadedEditorAssemblies (0ms)
				RefreshPlugins (1ms)
				BeforeProcessingInitializeOnLoad (102ms)
				ProcessInitializeOnLoadAttributes (230ms)
				ProcessInitializeOnLoadMethodAttributes (4ms)
				AfterProcessingInitializeOnLoad (11ms)
				EditorAssembliesLoaded (0ms)
			ExecutionOrderSort2 (0ms)
			AwakeInstancesAfterBackupRestoration (19ms)
Platform modules already initialized, skipping
Refreshing native plugins compatible for Editor in 0.74 ms, found 2 plugins.
Preloading 0 native plugins for Editor in 0.00 ms.
Unloading 2651 Unused Serialized files (Serialized files now loaded: 0)
System memory in use before: 125.3 MB.
System memory in use after: 125.6 MB.

Unloading 12 unused Assets to reduce memory usage. Loaded Objects now: 3339.
Total: 3.661900 ms (FindLiveObjects: 0.323200 ms CreateObjectMapping: 0.076700 ms MarkObjects: 3.241300 ms  DeleteObjects: 0.019100 ms)

AssetImportParameters requested are different than current active one (requested -> active):
  custom:framework-win-MediaFoundation: 216162199b28c13a410421893ffa2e32 -> 
  custom:video-decoder-ogg-theora: a1e56fd34408186e4bbccfd4996cb3dc -> 
  custom:container-muxer-webm: aa71ff27fc2769a1b78a27578f13a17b -> 
  custom:container-demuxer-webm: 4f35f7cbe854078d1ac9338744f61a02 -> 
  custom:container-demuxer-ogg: 62fdf1f143b41e24485cea50d1cbac27 -> 
  custom:video-encoder-webm-vp8: eb34c28f22e8b96e1ab97ce403110664 -> 
  custom:video-decoder-webm-vp8: 9c59270c3fd7afecdb556c50c9e8de78 -> 
  custom:audio-decoder-ogg-vorbis: bf7c407c2cedff20999df2af8eb42d56 -> 
  custom:audio-encoder-webm-vorbis: bf7c407c2cedff20999df2af8eb42d56 -> 
========================================================================
Received Import Request.
  Time since last request: 217.221897 seconds.
  path: Assets/Models/Tennis Racket.fbx
  artifactKey: Guid(2251aa9bd98532341bc494c418cd458d) Importer(815301076,1909f56bfc062723c751e8b465ee728b)
Start importing Assets/Models/Tennis Racket.fbx using Guid(2251aa9bd98532341bc494c418cd458d) Importer(815301076,1909f56bfc062723c751e8b465ee728b)  -> (artifact id: 'c552f08ddbc61cb4ba82085f83217bad') in 0.492756 seconds 
  Import took 0.498077 seconds .

========================================================================
Received Import Request.
  Time since last request: 0.005021 seconds.
  path: Assets/Models/Tennis Racket.fbx
  artifactKey: Guid(2251aa9bd98532341bc494c418cd458d) Importer(815301076,1909f56bfc062723c751e8b465ee728b)
Start importing Assets/Models/Tennis Racket.fbx using Guid(2251aa9bd98532341bc494c418cd458d) Importer(815301076,1909f56bfc062723c751e8b465ee728b)  -> (artifact id: 'c552f08ddbc61cb4ba82085f83217bad') in 0.060253 seconds 
  Import took 0.064883 seconds .

========================================================================
Received Import Request.
  Time since last request: 16.456983 seconds.
  path: Assets/Models/Tennis Racket.fbx
  artifactKey: Guid(2251aa9bd98532341bc494c418cd458d) Importer(815301076,1909f56bfc062723c751e8b465ee728b)
Start importing Assets/Models/Tennis Racket.fbx using Guid(2251aa9bd98532341bc494c418cd458d) Importer(815301076,1909f56bfc062723c751e8b465ee728b)  -> (artifact id: 'cb6d20ce1fea89b859524f112def7a0b') in 0.045345 seconds 
  Import took 0.050445 seconds .

========================================================================
Received Import Request.
  Time since last request: 5.950154 seconds.
  path: Assets/Models/Tennis Racket.fbx
  artifactKey: Guid(2251aa9bd98532341bc494c418cd458d) Importer(815301076,1909f56bfc062723c751e8b465ee728b)
Start importing Assets/Models/Tennis Racket.fbx using Guid(2251aa9bd98532341bc494c418cd458d) Importer(815301076,1909f56bfc062723c751e8b465ee728b)  -> (artifact id: '5829a8be6532a975596454d658e58dfa') in 0.045947 seconds 
  Import took 0.050716 seconds .

========================================================================
Received Import Request.
  Time since last request: 54.679536 seconds.
  path: Assets/Models/Tennis Racket.fbx
  artifactKey: Guid(2251aa9bd98532341bc494c418cd458d) Importer(815301076,1909f56bfc062723c751e8b465ee728b)
Start importing Assets/Models/Tennis Racket.fbx using Guid(2251aa9bd98532341bc494c418cd458d) Importer(815301076,1909f56bfc062723c751e8b465ee728b)  -> (artifact id: '37670f8590062b8607c702b596f170dc') in 0.047615 seconds 
  Import took 0.052394 seconds .

========================================================================
Received Import Request.
  Time since last request: 39.370801 seconds.
  path: Assets/Models/Tennis Racket.fbx
  artifactKey: Guid(2251aa9bd98532341bc494c418cd458d) Importer(815301076,1909f56bfc062723c751e8b465ee728b)
Start importing Assets/Models/Tennis Racket.fbx using Guid(2251aa9bd98532341bc494c418cd458d) Importer(815301076,1909f56bfc062723c751e8b465ee728b)  -> (artifact id: 'eb3972db1c1d4b62f29ab10ec50d0f38') in 0.047426 seconds 
  Import took 0.052510 seconds .

========================================================================
Received Import Request.
  Time since last request: 4.322203 seconds.
  path: Assets/Models/Tennis Racket.fbx
  artifactKey: Guid(2251aa9bd98532341bc494c418cd458d) Importer(815301076,1909f56bfc062723c751e8b465ee728b)
Start importing Assets/Models/Tennis Racket.fbx using Guid(2251aa9bd98532341bc494c418cd458d) Importer(815301076,1909f56bfc062723c751e8b465ee728b)  -> (artifact id: '7a211538b0133c639fd09426273af6da') in 0.044771 seconds 
  Import took 0.049900 seconds .

